◇ injected env (11) from .env // tip: ◈ encrypted .env [www.dotenvx.com]
[2026-05-21T06:29:24.894Z] [info] [boot] Loading persisted data with Sequelize
[2026-05-21T06:29:24.993Z] [info] [boot] Data load complete
[2026-05-21T06:29:25.529Z] [info] [web] Dashboard running at http://localhost:3025/dashboard
[2026-05-21T06:29:25.530Z] [info] [web] QR page running at http://localhost:3025/qr
[2026-05-21T06:29:35.634Z] [info] [whatsapp] QR code generated
▄▄▄▄▄▄▄▄▄▄▄▄▄▄▄▄▄▄▄▄▄▄▄▄▄▄▄▄▄▄▄▄▄▄▄▄▄▄▄▄▄▄▄▄▄▄▄▄▄▄▄▄▄▄▄▄▄▄▄
█ ▄▄▄▄▄ █▀  █▄▄▄▄▀▄█▄██▄▄▄ █ ▀▄ ▀▀█▀▄▄ ▀▀█▄ ▀▄▄▄ ██ ▄▄▄▄▄ █
█ █   █ █▀▀▀▀▀▄█▄█▄▀▄██▄▀ ▀█▀▄▀ ▀▄▄   ▄▀▄▄  ▀▄ ▄ ██ █   █ █
█ █▄▄▄█ █▀  ██▄▄▄█▄▀▄ █▄▀ █ ▄▄▄  ▀▀██ ▄▀█ ▄▄██▀▀▄██ █▄▄▄█ █
█▄▄▄▄▄▄▄█▄▀ █▄█ ▀▄▀ ▀ █ █ █ █▄█ ▀▄█ ▀▄▀ ▀ █ ▀ █▄▀▄█▄▄▄▄▄▄▄█
█   ▄▄█▄ ▄▄▀█ █▀▀▄▀▄ ███▀▀▄ ▄   ▀█▀██  ██▀  █▀██ ▀ █▄█▄▀▄▀█
█▄▀▀█ █▄▄▀▄█▀▀▄ ▀ ▀ ▀▀▀ ▀▀▀█  ▀▄██ ▄▄▄██▄   ▄▀▄ ██▀██▄▀▀▀██
██ ▀▀▄▀▄█ █▄▄█▄▄██▀ ▀█▀▄▀ ███▀▀█▄▀█▄█▄ ▄ █   ▀▀█▀ ▀███▀ █ █
█  ▄█▄█▄▀█▀▀  ▀   █▄█▀ ▄▄█▀█ ▄█ ▄▀█▄▀▀▄▄▄ ▀ ▀▄█▄  ▄▀ ▀   ██
█▄ ▀▀  ▄▄█ █▄█▄█▀▄ ▄ ▄▀▀ ▀▀▄▀ ▄▀▄▀▀▄  ▀▄ ▀▀▀ ██▄  ▀███ █ ▀█
█▀██ ▄▄▄▄▀█ ▀█▀██▄▀ ▀██▀█▀▀▄▀▄▄███▀  █  ▀ ▄▄ ▀▄▀ █▀▄▄▀ ▀ ▀█
█▀  █▀▀▄▄ █▀▀ ▀█▄▀▀▄▄██▀▀▄  ██▀▀▄██▄  █▄▀█▀ ▀█ █▄▀ ▄ █ █▀ █
█▄████▀▄█▄█▄ ▀▀▀▄ ▀▀▄█  ▀█▀ ▀████▄▄▀▀█▄▄▀▄▄▀▄██▄ ▀██   ▀▀▀█
██▄██▀ ▄▄  █ ▀██▄█▀▄█▄██ ▀▀███  ▄  █▀  ▄▀▀▀  ▀██▀▀█▄▀▀▄   █
█   ▀ ▄▄▄  ▀█▀█▀ ▀▄█ ▀▄█  ▀ ▄▄▄   ▀▄▀▀▀▄ █ ██▀ ▄  ▄▄▄ ▀ ▀██
█▀▄▄  █▄█ ▄███▀▄██▄▀ █▄██▀▀ █▄█ ▀▀██ ▄▀▄█▀ ▀▀▀▄██ █▄█ ▀ █▀█
██  ▄  ▄▄ ▄    ▄ ▄▄▄█ ▀▄▀ ▀    ▄▀▀▄▀▄█▄▄▀▄█ ▀█▀ ▄▄  ▄▄ ▀▄██
█▄█▄██▄▄▀ ▀▀ █▀███▀▄ █▄▀▀ ▄▄ ▄▀  █▀█▄ ▀█▀▀▀▀▄▀███▄▀▄▄██▄▄ █
█ ▄▄ █▀▄▄██▀███ ▀ ▄▄▄▄█▀ ▄█▄▀█▀ █▄▄▄ ▄██ █▀ ▄█▄█▀▄ █▀▄█▀███
█▀▀█ ▀█▄▄██▀   ▄▀█ ▄▀▀▀▀▄ ██▀█▀▄▄▀▄▄█▄▀▄▀▀  ▄▀█▄▀▀▄▀▀▄▄▀█ █
█▀▀▄ █▄▄ ▄▄▄▀ ▀ ▀██ ▀ ▀▀▄ ▄▄▀█▄▄ ▄▀█▀█▄ ▄█   ▀  ▀▄█▀ █▀ ▄▄█
█▄▀▀▀▀█▄  ▀▀▀█▄▀██▄▄▄▄▀▀  █▀█▄▀▀▀█▀██  ▄▀▀  ▄█▄█▀▀▀ ██▀█▀▀█
█ ▀▀▄▀ ▄█▄█▄ █▀ █ ▀ ▄█▀   ▀▀▀█  ▀█ ▀██ ▄ ██▄ ▄█▄█▄ ██ ▄▀ ██
█▀▀ ▀  ▄▄██▄█▄██▀▄▀  ▄▀▄ ▀█▀▄▄▄▄ █▄█▀▄ █▀█▀▀▄▀████ ▀▀▄▄▀▄▄█
█ ▀ ▀▀▄▄▀▄▄▀█ ▀▄ ▀▀ ▄▀▀█▀ ▄  ▀▄ █▀▄▀▄▀▄ █  ▄▀▀█▄█▄▄▀ ▄▄▀▄██
███████▄▄▀▄ ▄▄ ▀▄▄ ▄▀██▀▀ ▄ ▄▄▄ ▄▀▄█▄▄ █▄█▀▀▄█▄█▀ ▄▄▄ ▄▀███
█ ▄▄▄▄▄ █▄█▄ ▀▀▄▀▀ ▄ ▄  █▄█ █▄█ █▄▄▄▄▄▀█ █▄ █  █  █▄█   ▄██
█ █   █ █ ███▄█▀▄▀▄▄▄█▀▀▀▄▄ ▄  ▄ ▀ █▄ ▀██▀  ▄█▀▄█▄▄ ▄▄█▄█▄█
█ █▄▄▄█ █ █▀▄ █▀▄  ▄▄██▀▀█ █ █▀█▄▄█ ▄▄▀█▄▀▀▄█▀█▄ ▄ █▀██▀███
█▄▄▄▄▄▄▄█▄████▄█▄▄▄▄████▄█▄██▄█▄▄▄▄▄▄▄█▄▄█▄▄▄██▄▄█▄█▄█▄█▄██

[2026-05-21T06:29:35.690Z] [info] [whatsapp] WhatsApp client initialization started
[2026-05-21T06:30:00.020Z] [info] [scheduler] Skipping run because WhatsApp is not ready
[2026-05-21T06:30:00.325Z] [info] [mikrotik] Terhubung ke MikroTik primary
[2026-05-21T06:30:35.562Z] [info] [whatsapp] QR code generated
▄▄▄▄▄▄▄▄▄▄▄▄▄▄▄▄▄▄▄▄▄▄▄▄▄▄▄▄▄▄▄▄▄▄▄▄▄▄▄▄▄▄▄▄▄▄▄▄▄▄▄▄▄▄▄▄▄▄▄
█ ▄▄▄▄▄ █▄▄ ▀ ▄ █▀ ▀█▀▀█ ▄ ▀▄▀ ▄▀█▀█▄█▄█  █ ▄█ ▄ ██ ▄▄▄▄▄ █
█ █   █ █   ▀▄███▄▄ ██▄█ ▀ █ █▀▀▀██▀▀▀█▀█▄ ▀ ▄▀▄ ██ █   █ █
█ █▄▄▄█ █▄█▄▀▀ █▀▀█▄ ▀   █▀ ▄▄▄ ▄█▄▀▄▀    █▀▀█▄▀▄██ █▄▄▄█ █
█▄▄▄▄▄▄▄█▄█ █ █▄█▄█▄▀▄▀ ▀▄█ █▄█ ▀ ▀ █ ▀▄█ ▀▄▀▄▀▄█ █▄▄▄▄▄▄▄█
█   ▄▀▀▄█ █▀▄█▄▀ █▀█▀█▄▄▀ █▄▄    █ ▄█▀▀█▄  ▀▄▀▄▄▀  █▀▄▄ █ █
█▀█  ██▄ █  ▄  ▀▄▄ ██ ▄▄ ▄▄█▀▄ ▀▀▄█▄█▀█ ▀▄▀▀  ▀▄▀ █▄██ ▄█▄█
█▀ ▀█▄█▄█▄▀▄ ▀▄ ▀██▄▀▀█▄█▄█ ▀██▀▄█▀▄▀ █ ▄█▀▄ █▀▄▀█▀▀▄▀█ █▄█
█▀▀▀▄██▄ ▄   ▀  ▀▀▀▀▄▀▀▄▄▄ █ ▄▀▀█▀ █▀ ▀▄▀▀    █▀█▀█▀    ▀██
█▄█▀█▄▀▄ ▄█▀█  ▄▀▀██▄█▄█ ▄██▄▄██  ▄▀▀█▄▄ █ ▄▄ ▀▀▀██▄ ▀   ▄█
██ ▄▄▄ ▄▄█▀ █▀▀▀  █▄ █▀▀██▀ █▄ ▀█▀█ █▀ ▄██ ▀ ▄▀▀▄▀▀▄ ▀▄█ ▀█
█▄█ ▄▄▀▄█ ▄ ▀█ ██ ▀███▄ ▀█▀ ▄▄▀ ▀█▄█ █▄▄▄▄▀▀▀▀▀▄▄ █▄▀▄ ▄▀▀█
█▀▀▄ ▀▄▄██ █▀▄█▀▀▄ ▄ ▄█▄  █▀▄▀▄ ▀▄▀█   ██▀█▄▀▄  ▀▄▄▀▀▄▀▄█ █
█▀▄▀▀▀█▄█▄▄▀▄▀ ▄ ██ █ ▀█▄██▀▀█▄▄▄▄▄██▄  █▀█▄ █▀███   █ ▄ ▄█
█▀▀   ▄▄▄ ▄▀ ▄▄█▀ ▄▄▀▀█▄ ▀▀ ▄▄▄ ▀  █▀  ▄▀▄  ▄▀█▀▄ ▄▄▄ ▀▀ ██
█▄ ██ █▄█   ▄ ▄  ▀█▄▄▄▀▀▄▄█ █▄█ █ ▀ ▀▀▄█ █▀▄█ ▀ █ █▄█ ▄▀▀ █
█ ▄▄▄ ▄▄ ▄  ▄▄  ▄▄▄ █▄███▄ ▄▄ ▄ ▀█   ██ █ ▀▄██ ▄   ▄▄▄▄█▄▀█
█ █▄▀▄▄▄▀▀   ▄ ██▄ █ ▄▄   █▄██▀▀▀█ ▄ █ ▄ ▄▀ ▀▀▀██  ▄█▄█▄█ █
██▀██▀ ▄▀█ █▄ ▀▀ ▀█▀ █ █▀█▀██▀ █▀█▀ █▀▀▄ ▀▀▄█▀  ▀▀▄▄ █▄▄ ▄█
█ █▀▄▀▀▄▄▀▀▀▄▄  ██▄ ▀██▀ ▄█▀██ ▄ █ ▄█▄▀ █▀▄▄▀▀▀▄██▄██▄ ████
█  ▄▀▄▄▄▀▄▀▀ █▀█ ▄█▀    ▄▀█▄ ▄▄█▀█ ▄ ██ ██ ▀▀▀▀▀▀█▄▀▀▄▀▀█▄█
█▀█ ▄█▀▄▄▀▀█▀▄▀▄ ▀█▀ █▄█▀█▀    ▄█▄▄▀▄█▄█▄█▀█ ▄▀▀ ▄█▄ ▀▄ █ █
█▄▀█ ▄█▄█ ▀▄▀ ▀▄▀ █▄▄▀█ ▄▄████▄▄▀▀ ▀▀▀ ▄▄██▄  ▀▄▀ ▄█▀ █▄ ▀█
█  █ ▀▀▄█▀▄▄██▀█ █▀▀▀▄ █  █ ██▄█▀███▀█ █ ▄  █▀▀██▀▄▄██▀ █▄█
█ ▀ ▀▀▄▄▀▀▀█▄█████▀▀  █▀ █ █████▀ ▀██▄▄█▄  █▀ ▀ ▀▀ ▄▄█▀█ ▄█
███████▄▄      █ ▄▄  ▀██▄▄▄ ▄▄▄ ▄█ █▄▄ ▀█▀████▀█▀ ▄▄▄  █▀▀█
█ ▄▄▄▄▄ ██▄█   ▄▄█ █ ▀▀▀▀▀▄ █▄█   ██ ▀ ▄ ▄█▀▀ ▀▄▀ █▄█  ▀█▀█
█ █   █ █▀ ▀ ▄▀ ▀██▀ ▄▄█ ▀   ▄    █▀█▀█▄▄█▀██ ▄ ▄   ▄ ▄▀▀▄█
█ █▄▄▄█ █  ▀▀▄▀   ▄ ▄▀▀▀█▀ ▀▄▀█▀▄ ▀   ▀▀▀▀█ █▄▀▄▄  ▀▀▀▀██▀█
█▄▄▄▄▄▄▄█▄▄▄▄██▄██▄█▄█▄▄▄▄███▄███▄██▄█▄▄█▄▄███▄█▄▄██▄█▄▄███

[2026-05-21T06:30:55.563Z] [info] [whatsapp] QR code generated
▄▄▄▄▄▄▄▄▄▄▄▄▄▄▄▄▄▄▄▄▄▄▄▄▄▄▄▄▄▄▄▄▄▄▄▄▄▄▄▄▄▄▄▄▄▄▄▄▄▄▄▄▄▄▄▄▄▄▄
█ ▄▄▄▄▄ █▀  █▄██▀███ ▀▄▄ ▄ █ ▀▄ ▀▀▀▀▄▄▄█▄ ▄▄▀█▄▄ ██ ▄▄▄▄▄ █
█ █   █ █▀▀▀█▀▄█▄▄▄▀█▄█▄▀▀▀█▀▄▀  █▄ ▄▀▄▀▄▄  ▄▄ ▄ ██ █   █ █
█ █▄▄▄█ █▀▄ ▀ ▄▄▄█▄▀▄ █▄▀ █ ▄▄▄  ▀▀██▄▄▀▀▀▄▄█▄▀▀▄██ █▄▄▄█ █
█▄▄▄▄▄▄▄█▄█▄█▄█ ▀▄▀ ▀ █ █ █ █▄█ ▀▄█ ▀▄▀ ▀ █ ▀ █▄▀▄█▄▄▄▄▄▄▄█
█   ▄ ▀▄   ▀▄▀█▀▀▄▀▄ ███▀▀▄ ▄   ▀█▀██  ██▀  █▀██ ▀ █ █▄▀▄▀█
█▄▀▀█ ▄▄ ▀█▀ ▀▄ ▀ ▀ ▀▀▀ ▀▀ ▄  ▀▄██  ▄▄▀▀▄ ▄ ▄▀▄  █▀█ ▀▀▀▀██
██ ▀█▄▀▄▀ ▄▀▄█▄▄██▀ ▀█▀▄▀ ▄█ ▀▀█▄▀███▄█▄ █▄▀ ▀▄▄▀ ▀█▀██ █ █
██▀ ▀▄█▄▀█▀▀  ▀    ▄█▀ ▀▄█▀█ ▄█ ▄▀▀██▀▄▄  ██▀ ▀▄ ▀▄▀ ▀█  ██
█▄▄█   ▄▄█ █▄█▄█▀▄▀▄█▄██▀▀▀▄▀  ▀▄▀▀▄▄▄ ▄▀▀▄  ▀▄█  ▀███ █ ██
██ █▀▄ ▄▄▀█ ▀█▀██▄▀ ▄██▀ ▀▀▄▀▄▄██▀▀  ▄▀▀▄ ▄███▄  █▀ ▄▀ ▀▄▀█
███ █▀ ▄▄ █▀▄▄▀█▄▀▀▄▄██▀▀▄  ██▀▀▄▀█▄▄▄█▄█▀▀  █ █▄▀██ █ █  █
█▄███▀ ▄█▄▀ █ ▀ ▄ ▀▀▄█  ▀█▀ ▀████▄▄▀ ▄▄▄ █▄▀█▄█▄ ▀▄▄▄  ▀▀▀█
██▄██▄▄▄▀▀ ▀▀▀▄▄▄█▀▄█▄██ ▀▀███  ▄  █▀  ▄▀▀▀  ▀██▀▀ ▄██▄   █
█   ▀ ▄▄▄ ▀▀▄█ █ ▀▄█ ▀▄█  ▀ ▄▄▄   ▀ ▀▀▀▄ █ ██▀ ▄▀ ▄▄▄ ▀ ▀██
█▀▄▀█ █▄█  ███▀▀██▄▀ █▄██▀▀ █▄█ ▀▀ ▄ ▄█▄█▀ ▀▀▀█▄▀ █▄█ █ █▀█
█▄█▀   ▄▄▄▄    ▄ ▄  █  ▀▀  ▄   ▄▀▀█  █ ▄▀   ▀▀   ▄▄▄ ▄█▀▄██
██▀█▀█▄▄  ▀▀ █▀███▄▄▀█▀▀▀▀▄▄▄█▀  █▀█   █▀█ ▀▄█▀▄▀█▀▄████▄▄█
██▄ ██▀▄▄██▀███ ▄▄▄▄ ██▀▀ █▄ ▄▀ █▄▄▄▀███▄▄  █ █▄ ▄ █▄▄█▀ ██
█▀▄█ ▀█▄▄██▀ ▀ ▄▀█ ▄▀▀▀▀▄ ██▀█▀  ▀▄▄█▄▀▄▀▀  ▄██▄▀▀▄▀▀▄▄▀█▀█
█▀▀▄ █▄▄ ▄█▄█▀ ▀▀██ ▀ ▀▀▄ ▄▄▀█ ▄▀▄▀█ ▄▄ █▄  ▀▀  ▀▄█▀ █▀ ▄▄█
█▄▀▀▀▀ ▄   █▄ ▀ ██▄▄▄▄▀▀  █▀█▄▀▀▀█▀██  ▄▀▀  ▄█▄█▀▀ ▀████▀▀█
█ ▀▀▄█▄▄█▄▀▄▀▄▀██ ▀ ▄█▀   ▀▀▀█  ▀█▄███ ▄ ██▄ ▄▀ ██▄██  ▀ ██
█▀▀▀▄██▄▄█ ▄█▄ █▀▄▀  ▄▀▄ ▀▄ ▄▄▄▄ █▄█▀▄▀█▀█▀ ▄▀▄██▄▀ ▄▄▄█▄▄█
█ ▀ ▀▀▄▄██▄▀█ ▀▄ ▀▀▄▄▀█▄▀ ▄▀ ▀▄ █▀▄▀ █ ▄█  ▀▀█ ▄█▄▀▀ ▄▄▀▄██
███████▄▄▀▄ ▄▄ ▀█▄▀▄▀▄█▀▀ ▄ ▄▄▄ ▄▀▄█▀▄▀█ █▄▀▄▀█▄▀ ▄▄▄ ▄▀▀▀█
█ ▄▄▄▄▄ █▄█▄ ▀▀▄▀▀ ▄▄▄  ▄ █ █▄█ █ ▄▄▄▄ █▀▀▄▀▀  ▄  █▄█   ▀▀█
█ █   █ █ ███▄█▀▄▀▄▄▄█▀▀▀▄▄ ▄  ▄▀▀ █▄ ▀███   ▀▀▄▄▄▄ ▄ █▄▄▄█
█ █▄▄▄█ █ ▄▀ █▄ ▄  ▄▄██▀▀█ ███▀█▄██ █▄▀█▄ ▀▄▄▀█▄ ▄ █ ██▀███
█▄▄▄▄▄▄▄█▄▄███▄█▄▄▄▄████▄█▄████▄▄▄▄▄▄▄█▄▄█▄▄▄██▄▄█▄█▄█▄█▄██

[2026-05-21T06:31:00.012Z] [info] [scheduler] Skipping run because WhatsApp is not ready
[2026-05-21T06:31:00.336Z] [info] [mikrotik] Terhubung ke MikroTik primary
[2026-05-21T06:31:15.566Z] [info] [whatsapp] QR code generated
▄▄▄▄▄▄▄▄▄▄▄▄▄▄▄▄▄▄▄▄▄▄▄▄▄▄▄▄▄▄▄▄▄▄▄▄▄▄▄▄▄▄▄▄▄▄▄▄▄▄▄▄▄▄▄▄▄▄▄
█ ▄▄▄▄▄ █▄▄ ▀ ▄ ▀▀▀  ▀▀▄▄  ▀▄▀ ▄▀███▀█▄█▀▄▄▄█▀ ▄ ██ ▄▄▄▄▄ █
█ █   █ █   █ ██▄█▄ ▄▄▄█   █ █▀▀█▄█▀▄ █▀▄█ ▀ ▄▀▄ ██ █   █ █
█ █▄▄▄█ █▄█ ▀▄ █▀▀█▄ ▀   █▀ ▄▄▄ ▀█▄▀▀▄  █ █▀ ▄▄▀▄██ █▄▄▄█ █
█▄▄▄▄▄▄▄█▄▀▄█▄█▄█▄█▄▀▄▀ ▀▄█ █▄█ ▀ ▀ █ ▀▄█ ▀▄▀▄▀▄█ █▄▄▄▄▄▄▄█
█   ▄██▄▀▄▀▄  ▄▀ █▀█▀█▄▄▀ █ ▄    █ ▄█▀▀█▄  ▀▄▀▄▄ ▀ ██▄▄ █ █
█▀█  █▄▄█▀█ █▀ ▀▄▄ ██ ▄▄ ▄▄▄▀▄ ▀▀▄█▄█▀▀ ▀▄▀█  ▀ █ █▄ ▄ ▄█▄█
█▀ ▄▄▄█▄▀█   ▀▄ ▀██▄▀▀█▄█▄█ ▀██▀▄█▄█▀ ▀▀▄█▀▄ █ ▄ █▀▀▀█▀ █▄█
██ ▄▄██▄▀█   ▀  ▀▀ ▀▄▀▄ ▄▄ █ █▀▀█▀ ██ ███▀▄▄   ▀███▀▀▀ ▀▀██
█▄▀▄▀▄▀▄ ▄█▀█  ▄▀▀█▀ █▄▀ ▄██▄▄ █  ▄▀▀▀██▀▀ ▄  ▀▀▀██▄ ▀  ▄▄█
███    ▄▄█▀ █▀▀▀▄▄█▄█▀▀▀▀█▀ █▄  █▀█ ▀▄ ▄▀█▀ ▀█  ▄▀█  ▀▄█▄▀█
█   ▄██▄█ ▄ ▄  ██ ▀███▄ ▀█▀ ▄▄▀ ▀█▄█ █▄▄  ▀▀██▀▄▄ ▀█▀▄ ▄  █
█▀▀▄ █ ▄▀█▄ ▄▄▀█▀▄ ▄ ▄█▄  █▀▄▀▄  █▀█ ▀ █▄▀█▄▀█  ▀▄ ▀█▄▀▄█ █
█▀▄▀▀ ▀▄█▄ ▀▄▀█▄ ██ █ ▀█▄█▀▀▀█▄▄▄▄▄██▄  █▀█▄ █▀█▀█ ▀▀▀ ▄ ▄█
█▀▀   ▄▄▄ ▄  ▄ ▄▀ ▄▄▀▀█▄ ▀  ▄▄▄ ▀  █▀ ▄▄▀▄▄ ▄▀██▀ ▄▄▄ ▀▀ ██
█▄  ▀ █▄█  ▄▄ ▄▄ ▀█▄▄▄▀▀▄▄█ █▄█ █ ▄▀▀▀▄█ █ ██   ▄ █▄█ █▄▀ █
█▀▄██▄ ▄▄▄  ▄▄  ▄▄█ █▄ ▀█▄ ▄▄ ▄ ▀█▀ ▄▀▀▀▀ ▀▄▀█▀ ▄  ▄▄ ▄▄▄▀█
█ ▀▀█▄▄▄██   ▄ █ █▄▀▀█ ▄▀ █▄█▄▀▀▀█ ▄█▀ ██   ██▄█▀█ ▄█████▄█
█ ▀█▄▀ ▄▀█ █▄ ▀▀▄▀█▀██ ██▀▀█▄▄ █▀█▀  ▀▀█▄█▀▄  ▀  ▀▄▄▄ ▄▄  █
█▄▄▀▄▀▀▄▄▀▀▀▀█  ██▄ ▀██▀ ▄█▀██▀  █ ▄▄▄▀ ██▄▄ █▀▄██▄██▄ █▄██
█  ▄▀▄▄▄▀▄▀██  █ ▄█▀    ▄▀█▄ ▄ █ █ ▄▀██ ▄█ ▀▀ ▀▀▀█▄▀▀▄▀▀█▄█
█▀█ ▄  ▄▄▀▄█▄█▄█ ▀█▀ █▄█▀█▀    ▄█▄▄▀▄█▄█▄█▀█ ▄▀▀ ▄▀▀ ▀▄ █ █
█▄▀█ ▄▀▄█ ▀▀ █▀█▀ █▄▄▀█ ▄▄████▄▄▀▀▄█▀▀▄ ▄██   ▀▄▀▀ ▀▀ ▄▄ ▀█
█  ▄▄▄▀▄█▀████▄▀ █▀▀▀▄ █  █▀██▄█▀█▄█▀██▄ ▄  █▀▄██▀█▀█▄███▄█
█ ▀ ▀▀▄▄  ▀█▄█████     █ █  ████▀  █▀ ▄█  ▄ █ █▀▀▀ ▄██ █ ▄█
███████▄█▀     █▀▄▄ ▄  ▀█▄▄ ▄▄▄ ▄█ █▀▄▀ █▀ ▄▄█ ▄▀ ▄▄▄ ▀██▀█
█ ▄▄▄▄▄ ██▄█   ▄   █▀█▀▀▀▀▄ █▄█ ▄▄██ ▄ █ ▄▄ ██ █▀ █▄█  ▀▀▀█
█ █   █ █▀ ▀▀ ▀ ▀██▀ ▄▄█ ▀  ▄▄  ▄▄█▀▀██▄ ▀▀█▄ ▄ ▄   ▄▄▄▀▀▄█
█ █▄▄▄█ █ █  ▄▀▀  ▄ ▄▀▀▀█▀ ▀▀▀█▀▄▀▀ ▀▀▀▀▀ █ ██▀▄▄  ▀██▀██▀█
█▄▄▄▄▄▄▄█▄▄███████▄█▄█▄▄▄▄██▄▄███▄██▄█▄▄█▄▄███▄█▄▄██▄█▄▄███

[2026-05-21T06:31:35.567Z] [info] [whatsapp] QR code generated
▄▄▄▄▄▄▄▄▄▄▄▄▄▄▄▄▄▄▄▄▄▄▄▄▄▄▄▄▄▄▄▄▄▄▄▄▄▄▄▄▄▄▄▄▄▄▄▄▄▄▄▄▄▄▄▄▄▄▄
█ ▄▄▄▄▄ █▀▀█▀ ▄█▄ ▀ ▄ ▄▀▀▄ ▄▀▄ ▄▀ ▄  ▀▄ █▀  ▄██▄ ██ ▄▄▄▄▄ █
█ █   █ █▄   █ ███▀█ █▄█████ █▄▄ ▄█▀▄▄ ▀███▄ ▄▀▄ ██ █   █ █
█ █▄▄▄█ █ █▄▄█▀▀██▄█▀█▄▄▀▄  ▄▄▄ ▀▀ █▀ ▀▄ ▀▄  ▀ ▀▄██ █▄▄▄█ █
█▄▄▄▄▄▄▄█ █▄▀ █ ▀ █▄▀ █▄▀▄█ █▄█ ▀▄█▄█ ▀ ▀▄▀▄▀ █ █ █▄▄▄▄▄▄▄█
█▄▄▀▄▀█▄ ▀█▀▀▀▀▀ █▄ ▄█▄▄▄█▄▄▄ ▄▄██ ▄ ▄▄█▄ █▄▀▀▄▄ ██▄▄▄▀▄ ▀█
█ ▄▄▄▀▄▄▄█ ▄█▄▀█  ▀▄▄▄  ▀██▀▀▄▀   █ ▄   █ ▄▄▀▄█ ▀▀▄  █▀█▄ █
█▀ ▄█▀█▄▄ █▀ ▀▄█▄ █▄▀▄ ▀█▄▄▄ ▄█▀▄ ▄▀▀  █▀ ▄█  ▄ █▄▀▄▄▄▀▄█▀█
█▄▄  █ ▄▄█  █▄█ ▀▀▀█▀▀▀▄▀▀██▀▄ ▄ ▀▀▀ ▀ ▀█▀▄▄█ █ ▀█ ▀  ▄▄▄██
█▄▀█   ▄▀ ▀█▄▀▀ █▄▄▄▄▀▄█▀█▄▀  ▄▄▀▄ █  █▀█▀ ▄▀▄▄▄ ▄▄ ▄█▀▀█▄█
██  ▄▀▄▄▄ ▄██▀▀▄  █▄█▄▄▄█▀▀█ ▀ ▀▀  █▀█▀ █▀▀▀▀▀▄▄▄▀▀██▄▄█ ▄█
██▄ ▄▀ ▄  ▄ ▀▄███ ▄  █▄ ▄ ▄ ▄▄▄███▄██ ▀▄  ▄▄▄▀▀▄▀██▄▀▄█▀▄▀█
█   ▄██▄▄▀ ▄██▄██ ▀█▀ ▀ ▀▀▄█ ██▀  █▀ ▀▀▀ ▄▄█▀ ▄▄ █ ▀█▄ █▄▄█
█▀▄▄▄ ▄▄▄▀▀▄▀▄▄██ █ ██▄ ▄█▀▄▄ ▄▄▄▀▀ █▄ █ ▄█▄  ▄ ██▄█▄▄ ▄ ▀█
█▄▄   ▄▄▄ █ ▀██▀▀ ▀▀▄▀█▄█▄▀ ▄▄▄ ▄ ▄█▄█▀▄▀▄▀▀▀▀▀█  ▄▄▄  ▄███
██▀▀▄ █▄█  ▄█▀ ▀▄█▄██ ████  █▄█ ▄▄ █  █▀▄▀▀▄▄▄█▄█ █▄█ ██ ▄█
██▀█  ▄▄▄▄██▄▄ █▀▀ ▀█▀█ █▄   ▄▄ ▀ ▄█ █▀█ ██▀▀▄▄ █   ▄▄▄▄▄▄█
█▄█ ▄▄▀▄▄█  █▀██▄██▄▄▄▄ ▄█ ▄█▄▄▄▄█ ▄█▄█▄█ ▄▄ ▀▀▄▄▀█▄██▀▀▄ █
███▄▀█▀▄▄▄▄▀█▀ █ ▄▄ █ ▄▀▄  ▀▀▄▀▄▄▀█▄█▀▀▀ █▀▄ ▄▄▄▀ █ █▄██▀▄█
█ █▄▀▄▀▄▄▄▄▄██ █  ▄ ▀  ▄ ▄█▄  ▀ ▄▄█▀▄ ▀█ ▄▄▄  ▄▀██▄  ▀ ██▀█
███▄▀▄▀▄▄▄██▀ ▄█ ▄ ▄█   ▀▄ ▄ ▄▀▄▄█ ▄█▀  ▄▄█▄▄▀▀▀▄ ▀▀▀▄▄▄ ▄█
█ ▄▄ ▀ ▄███  ▀▀▀▄█▄ ▀▀ ▀ ▄ ▄▄▄▀█▄  ██▄█▀ ▀ ▄▀ ██▀█▄▄▄█▀▀▄▄█
█▄▀ █ ▄▄██ █ ▀▄▀▄██▄▄▄ █▄▄█   ▄▄▀▄▀ ▀▀ ▀▀ █▄ █ ▀██▀ ▄█ █ ▄█
███▀▄█▄▄█ ▄▄  ▀▄ █▄▄▄▄ ███▀███▀ ▄███▄ ██ ▄█▄ ▀█▄▄▀▄▀██▀▀ ▄█
█ ▀ ▀▀▄▄▀▄█▀█▄▄▀▀▀▄ ▀▄ █▀▄▀▀▀▀▄▄ ▄█ ▄▀▄▀  ▀▀▄▄▄█ ▀▀▄█▄ ▄▀ █
███████▄▄ ██    █ ▄▄ ▄  ▄▄▄ ▄▄▄ ▄ █ ▄▄▀▄  █▄▄  ▀█ ▄▄▄  ██ █
█ ▄▄▄▄▄ █▄▄████▄  █  ▀▀▀▀ ▀ █▄█ █ ██ ▀▄▄█▀ ▄▀█ ██ █▄█ █▄ ▀█
█ █   █ █▀▄█▄▀ ▄█▀▄ ▀  ▀▀ ▀▄▄▄  ▄ ▀█  ▄ ▄█ ▄▀▄ ▄█  ▄▄ █  ▀█
█ █▄▄▄█ █▀▀▄▀▄▀███▄ ▄▄▄▄█▀ ▄ ▄█▀██▄█▀▀▀▄▄██ ▄ ▄▀▄  ▄▀ ▀██▄█
█▄▄▄▄▄▄▄█▄██▄██▄███▄██▄▄██▄███▄▄▄▄███▄█▄█▄█▄▄█▄███▄█▄▄██▄██

[2026-05-21T06:31:55.571Z] [info] [whatsapp] QR code generated
▄▄▄▄▄▄▄▄▄▄▄▄▄▄▄▄▄▄▄▄▄▄▄▄▄▄▄▄▄▄▄▄▄▄▄▄▄▄▄▄▄▄▄▄▄▄▄▄▄▄▄▄▄▄▄▄▄▄▄
█ ▄▄▄▄▄ █▀▀█▀ █▄ ▄    ▄▀ ▄ ▄▀▄ ▄▀ █▄  ▄ ▄▄  ▀██▄ ██ ▄▄▄▄▄ █
█ █   █ █▄  ▄█ ███▀█ ▄▄██▄██ █▄▄▄▄█▀▄▄ ▀ ██▄██▀▄ ██ █   █ █
█ █▄▄▄█ █ █▄█▄▀▀██▄█▀█▄▄▀▄  ▄▄▄ ▀▀ █ ▀▀▄ ▀▄ ▄  ▀▄██ █▄▄▄█ █
█▄▄▄▄▄▄▄█ ▀ ▀ █ ▀ █▄▀ █▄▀▄█ █▄█ ▀▄█▄█ ▀ ▀▄▀▄▀ █ █ █▄▄▄▄▄▄▄█
█▄▄▀▄▀▀▄▄▀ ▀▄█▀▀ █▄ ▄█▄▄▄█ ▄▄ ▄▄██ ▄ ▄▄█▄ █▄▀▀▄▄▄█▀▄ ▄▀▄ ▀█
█ ▄▄▄ █▄█▀  ▀ ▀█  ▀▄▄▄  ▀█▀▀█ ▀   █ ▄   █ ▄ ▀▄█▄█▄█▀ █▀█▄ █
█▀ ▀█▀█▄  ▄  ▀▄█▄ █▄▀▄ ▀█▄▄██▄█▀▄ ▀ ▀ ▀█▀ ▄█  █▀ █▀▄  █▄█▀█
█ ▀███ ▄▄▄  █▄█ ▀▀ ▄▀▀ ▄▀▀██▀█▄▄ ▀▀█▄▀▀█▀▀▄▄█  ▀██ ▀  ▄█▄██
██▀█▀  ▄▀ ▀█▄▀▀ █▄▀ ▄ █▀▀▄▄▀   █▀▄▀█  █ ▄▀ █▄ █▄ ▄▄ ▄█ ▀█ █
█ ▄ ▀▀ ▄▄ ▄██▀▀▄▄▀█▄██▄▄ ▀▀█ ▀▀ ▀  █ ▀▀▀ ▀▀   ▄█▄▀▀██▄▄█  █
██  ▄█ ▄  ▄ ▄ ███ ▄  █▄ ▄ ▄ ▄▄▄█▄█▄█▄ ▀▄▄ ▄▄█▀▀▄▀█▀█▀▄█▀▄▀█
█   ▄ ▀▄▄▀▀▀▄▀ ▄█ ▀█▀ ▀ ▀▀▄█ ██▀▀ █▀  ▀▀ █▄█▀ ▄▄ ██▀█▄ █▄▄█
█▀▄▄▄▄▀▄ ▀█ ▄   █ █ ██▄ ▄█▀▄▄ ▄▄▄▀▀ █▄ █ ▄█▄  ▄ ▄▄ ▄▄▄ ▄ ▀█
█▄▄   ▄▄▄ █▄  ▀▀▀ ▀▀▄▀█▄█▄▀ ▄▄▄ ▄ ▄▀▄██ ▀▄█▀▀▀▀▀▀ ▄▄▄  ▄███
██▀▄▀ █▄█ █▀█▀█▄▄█▄██ ████▄ █▄█ ▄▄▄▄  ▄ ▄▀ ▄▄▄▀█▄ █▄█ ▄█ ▄█
█ ▄▄ ▄ ▄▄ ██▄▄ █▀▀█▄█▀▀▄█▄ ▄ ▄▄ ▀ ▄█ ▀██ ▀ ▄█▄▄▀▄▄▄   ▄█▄▄█
█▀  ▄▄▀▄▄   █▀██ █▄ ██▀ ▄█ ▄█▄▄▄▄█ ▄▄▄█▄  ▄█ █▄█▄▀█▄▄▄   ▄█
█ ▀▄██▀▄▄▄▄▀█▀ █▄ ▄ ▄▀▄▀▀█ ▀▄▀▀▄ ▀█▄▀▀  █▄▀▄█▄▄█  █   ██▀ █
███▄▀▄▀▄▄▄▄▄ █ █  ▄ ▀  ▄ ▄█▄  █ ▄ █▀▄▄▀█  ▄▄█▄▄▀██▄  ▀ █▄ █
███▄▀▄▀▄▄▄█  ▀ █ ▄ ▄█   ▀▄ ▄ ▄▄ ██ ▄█   ███▄▄▀▀▀▄ ▀▀▀▄▄▄ ▄█
█ ▄▄ ▀ ▄██  █▀█▄▄█▄ ▀▀ ▀ ▄ ▄▄▄▀█▄  ██▄█▀ ▀ ▄▀ ██▀█▀ ▄█▀█▄▄█
█▄▀ █▀ ▄██▀▀▀▄█▄▄██▄▄▄ █▄▄█   ▄▄▀▄▀▄▀▀ ▀▀ ▀  █ ▀█ ▄ ▄█▄▄ ▄█
███  ▀█▄▀▄ █  █▀ █▄▄▄▄ ███ ███▀ ▄█▀▄▄ ▄▄ ▄▄█ ▀ █▄  ▄▄█ █ ▄█
█ ▀ ▀▀▄▄ ▄█▀█▄▄▀▀▀▀ ▀▄▄ ▀▄▀▀▀▀▄▄ ▄▄ ▄▀▀▄▄▄██ ▄ ▄▀ █▄▀▀ █▀ █
███████▄▄▀██    █▀▄ ▀▄ ▄▄█▄ ▄▄▄ ▄ █ ▄ ▄█▄▄▄█  █▀▀ ▄▄▄ ▀▄█▄█
█ ▄▄▄▄▄ █▄▄████▄▀ █ ▄▄▀▀▀ ▀ █▄█ ▀ ██▄▄▄▄▄█ ▄██ ▄  █▄█ █▄▄██
█ █   █ █▀▄█▀▀ ▄█▀▄ ▀  ▀▀ ▀▄ ▄  ▀ ▀█▄▄▄ ▄▀ ▄▀  ▄▄  ▄  █  ▀█
█ █▄▄▄█ █▀▀▀██▀▄██▄ ▄▄▄▄█▀ ▄ ▄█▀█▄▄█▀ ▀▄▄▄█ █ ▄▀▄  ▄  ▀██▄█
█▄▄▄▄▄▄▄█▄▄▄█▄█████▄██▄▄██▄█▄▄▄▄▄▄███▄█▄█▄█▄▄█▄███▄█▄███▄██

[2026-05-21T06:32:00.018Z] [info] [scheduler] Skipping run because WhatsApp is not ready
[2026-05-21T06:32:00.335Z] [info] [mikrotik] Terhubung ke MikroTik primary
[2026-05-21T06:33:00.018Z] [info] [scheduler] Skipping run because WhatsApp is not ready
[2026-05-21T06:33:00.203Z] [info] [mikrotik] Terhubung ke MikroTik primary
[2026-05-21T06:33:06.590Z] [info] [whatsapp] QR code generated
▄▄▄▄▄▄▄▄▄▄▄▄▄▄▄▄▄▄▄▄▄▄▄▄▄▄▄▄▄▄▄▄▄▄▄▄▄▄▄▄▄▄▄▄▄▄▄▄▄▄▄▄▄▄▄▄▄▄▄
█ ▄▄▄▄▄ █▀▄▀▄█▄██▄  ▄ █  ▄ ▄▀▄ ▄▀   ▀  ▄ ▀  ▄ █▄ ██ ▄▄▄▄▄ █
█ █   █ █▄▀ ▀▄ ██▄▀█▀▄▄█████ █▄▄▄██▀▀█ ▀▀██▄ ▄▀▄ ██ █   █ █
█ █▄▄▄█ █ ▄▀▄▀▀███ █▀█▄▄▀▄  ▄▄▄ ▀▀ █▄▀▀▄▀▄▄ ▄  ▀▄██ █▄▄▄█ █
█▄▄▄▄▄▄▄█ █▄█ ▀▄▀ ▀▄▀ █▄▀▄█ █▄█ ▀▄█▄█ ▀ ▀▄█▄▀ ▀ █ █▄▄▄▄▄▄▄█
█▄▄▀ ▀█▄ ███▀█ ███▀▄██▄▄▄█▄ ▄ ▄▄██ ▄▄▄██ ▄▄▄█▀▄▄▄▄█▄  ▀▄ ██
█▀  ▄  ▄ █ █▄ ▀█ █▀▄▄▄  ▀█▄ ▀▄▀   █▄▄  ▄▄ ▄▄ █▀▀ ▄█  █▀██ █
██▄▄ ▄▀▄ ▄█ ▀▀▄█▄ █▄▀▄ ▀█▄██  █▀▄ ▄ ▀  █▀ █▄  ▄▀█▄▀▄▄▄▀▄▄ █
█▀▄ ▀▄▄▄▀▀▄ ▀  ▄▀▀▄█▀▀██▀▀██ █▄▄ ▀▄▀▄▀ ▄▀█▄ █ ▄ ▄█▄██ ██▄██
█▀█▄█  ▄▄ █▀██▀ █▄ ▄▄▀ ▀▀█▄▀  ▀█▀▄ █ ▄█▀▄▀██ ▄▄█ █  ▄█▀ █▄█
█ ▄▀▀▄▄▄▀ ▀▀▀▄▀▄█ █▄ ▄▄▄██▀█ ▀▀▀▀▄ █  ▀ ██▀▀  ██▄▄▄▀██▄█  █
█▄▄   ▄▄▀█  ▀▄███ ▄  █▄ ▄ ▄ ▄▄▄█ ▀▄█▀ ▀▄█ ▄▄█▀▀▄▀█ █▀▄██▄▀█
███▄▀▄█▄▄▀▀▀▀▄ ▄█ ▀▄▀ ▀ ▀▀▄█ ██▀▀ █▀▀▄▀█▀█ █▀▄▄▄ ██▀█▄██▄▄█
██ ▀ ██▄▀▄▀▀▀▄██▄   ██▄ ▄██ ▄ ▄▄▄▀▀ ▄▄▀█▄▄█▄▄▄▄▀▄█ █ ▄ █▄██
█▄█▀█ ▄▄▄ █▀█▀ ▄▄█▀▀▄▀█▄█▄▄ ▄▄▄ ▄  ▀▄▄▄▄▀██▄ ▀ ▀▀ ▄▄▄ ▄▄▄▀█
█▀███ █▄█ ▄▄ █ █▄█▄██ ████▄ █▄█ ▄▄▀█  ▄▀▄▀▀█▄▄▄█▄ █▄█ █▄▀▄█
█▀▀▀▄▄▄▄ ▄  █ ██▀▀▄▄█▀ ██▄▀  ▄▄ ▀ ▄█▄▀▀▀ ██▀▀▄▄ ▄ ▄▄  ▄█▄▄█
█▀   ▄ ▄ ▄▀▄█▄ ▄██▀ ▄▄ ▄██ ▄██▄▄▄█ ▄█▄▄██ ██▄█▄█▄██▄▄█ ▀▄ █
█▄█ ▄ █▄ ▀█▄▄▄ █ ▀▄ █▀▄▀▀█ ▀▄█▀▄▄██▄▄ ▀ █ ▀▄▀ ▄▄▀▀█ ▀███▀ █
█ █▄▀▀▀▄▄▄▄▄█▄▄█  ▄ ▀  ▄ ▄█▄    ▄▄█▀▄ ▀█▀ ▄▄  ▄▀▀█▀ ▄ ▄█▄ █
██▀ █ ▀▄▄   █▀▀▄ ▄  █   ▀▄ ▄ ▄▄ █▄ ▄█▄ ▄▀ ▀▄ ▀██▄  █▀ ▄█ ▄█
█▀▀█▀  ▄█▄▀▄█ ▄██▄  ▀▀ ▀ ▄ ▄▄▄▀█▄  █ ▄█▀▄█ ▄█ ▄█▀█▄▄▄██   █
█▄ ▀▄█▄▄▄ ▀█▀ ▄▀▀▀█▄▄▄ █▄▄█   ▄▄▀▄▀ ▀▀▀▄▀ ██ ▄▀▀██  ▄█▀█▄▄█
█▀▀▀▀  ▄    ▀▀▀  █▄▄▄▄ ███  ██▀ ▄█ █▄ ▄▄ ▄██ ▀▄█ ▄███▄█▀ ▄█
█ ▀ ▀▀▄▄▄▀▄▄ █ ▀▀▀▄ ▀▄▄█▀▄ ▀▀▀▄▄ ▄▄  ██▀    ▄▄▄▄▀█▄▄ █▀▄▀ █
███████▄█▀ ▀▀▀▀██    ▄   █▄ ▄▄▄ ▄ █  ▄ ▄ ▄██▀ █ █ ▄▄▄  █▀▄█
█ ▄▄▄▄▄ █▄▄ ▄▀ ▄ ▀█ █▀▀▀  ▀ █▄█ █ ██▄▀▄▄█ ▀█ ▄▀█▄ █▄█ █▄ ██
█ █   █ █▀▀ ▄ ▀██▀▄ ▀  ▀▀ ▀▄▄     ▀█  ▄  █ ▄▀▄ ▄▀  ▄▄ ▀  ▀█
█ █▄▄▄█ █▀ ▀▄▀▄███▀ ▄▄▄▄█▀ ▄▄▄█▀▄▄▄█ ▄█ ▀█▀ █▀ ██  ▄ ▄▀▄█▄█
█▄▄▄▄▄▄▄█▄▄▄██▄█▄██▄██▄▄██▄██▄▄▄▄▄███▄▄▄▄▄▄█▄█▄███▄█▄▄██▄██

